c:\users\brend\desktop\art\tdsummer\mayaprojects\legoterrain\plugin\legoterrain\legoterrain\x64\debug\heightmapcomputeshader.obj
c:\users\brend\desktop\art\tdsummer\mayaprojects\legoterrain\plugin\legoterrain\legoterrain\x64\debug\voxelizeterraincmd.obj
c:\users\brend\desktop\art\tdsummer\mayaprojects\legoterrain\plugin\legoterrain\legoterrain\x64\debug\pluginmain.obj
c:\users\brend\desktop\art\tdsummer\mayaprojects\legoterrain\plugin\legoterrain\legoterrain\x64\debug\vc143.pdb
c:\users\brend\desktop\art\tdsummer\mayaprojects\legoterrain\plugin\legoterrain\legoterrain\x64\debug\vc143.idb
c:\users\brend\desktop\art\tdsummer\mayaprojects\legoterrain\plugin\legoterrain\x64\debug\legoterrain.lib
c:\users\brend\desktop\art\tdsummer\mayaprojects\legoterrain\plugin\legoterrain\x64\debug\legoterrain.exp
c:\users\brend\desktop\art\tdsummer\mayaprojects\legoterrain\plugin\legoterrain\legoterrain\x64\debug\legoterrain.ilk
c:\users\brend\desktop\art\tdsummer\mayaprojects\legoterrain\plugin\legoterrain\x64\debug\legoterrain.pdb
c:\users\brend\desktop\art\tdsummer\mayaprojects\legoterrain\plugin\legoterrain\legoterrain\x64\debug\legoterrain.tlog\cl.command.1.tlog
c:\users\brend\desktop\art\tdsummer\mayaprojects\legoterrain\plugin\legoterrain\legoterrain\x64\debug\legoterrain.tlog\cl.items.tlog
c:\users\brend\desktop\art\tdsummer\mayaprojects\legoterrain\plugin\legoterrain\legoterrain\x64\debug\legoterrain.tlog\cl.read.1.tlog
c:\users\brend\desktop\art\tdsummer\mayaprojects\legoterrain\plugin\legoterrain\legoterrain\x64\debug\legoterrain.tlog\cl.write.1.tlog
c:\users\brend\desktop\art\tdsummer\mayaprojects\legoterrain\plugin\legoterrain\legoterrain\x64\debug\legoterrain.tlog\link.97808.read.1.tlog
c:\users\brend\desktop\art\tdsummer\mayaprojects\legoterrain\plugin\legoterrain\legoterrain\x64\debug\legoterrain.tlog\link.97808.read.2.tlog
c:\users\brend\desktop\art\tdsummer\mayaprojects\legoterrain\plugin\legoterrain\legoterrain\x64\debug\legoterrain.tlog\link.97808.read.3.tlog
c:\users\brend\desktop\art\tdsummer\mayaprojects\legoterrain\plugin\legoterrain\legoterrain\x64\debug\legoterrain.tlog\link.97808.write.1.tlog
c:\users\brend\desktop\art\tdsummer\mayaprojects\legoterrain\plugin\legoterrain\legoterrain\x64\debug\legoterrain.tlog\link.command.1.tlog
c:\users\brend\desktop\art\tdsummer\mayaprojects\legoterrain\plugin\legoterrain\legoterrain\x64\debug\legoterrain.tlog\link.read.1.tlog
c:\users\brend\desktop\art\tdsummer\mayaprojects\legoterrain\plugin\legoterrain\legoterrain\x64\debug\legoterrain.tlog\link.read.2.tlog
c:\users\brend\desktop\art\tdsummer\mayaprojects\legoterrain\plugin\legoterrain\legoterrain\x64\debug\legoterrain.tlog\link.read.3.tlog
c:\users\brend\desktop\art\tdsummer\mayaprojects\legoterrain\plugin\legoterrain\legoterrain\x64\debug\legoterrain.tlog\link.secondary.1.tlog
c:\users\brend\desktop\art\tdsummer\mayaprojects\legoterrain\plugin\legoterrain\legoterrain\x64\debug\legoterrain.tlog\link.write.1.tlog
